[02-Nov-2025 22:48:16 Europe/Berlin] PHP Warning:  Undefined array key "issue_type" in C:\Users\asus\Downloads\CODE\FR_one-time.php on line 20
[02-Nov-2025 22:48:30 Europe/Berlin] PHP Warning:  Undefined array key "issue_type" in C:\Users\asus\Downloads\CODE\FR_one-time.php on line 20
[03-Nov-2025 01:12:56 Europe/Berlin] PHP Warning:  Undefined variable $row in C:\Users\asus\Downloads\CODE\FR_one-time.php on line 650
[03-Nov-2025 01:12:56 Europe/Berlin] PHP Warning:  Trying to access array offset on value of type null in C:\Users\asus\Downloads\CODE\FR_one-time.php on line 650
[03-Nov-2025 01:12:56 Europe/Berlin] PHP Deprecated:  htmlspecialchars(): Passing null to parameter #1 ($string) of type string is deprecated in C:\Users\asus\Downloads\CODE\FR_one-time.php on line 650
[03-Nov-2025 01:12:56 Europe/Berlin] PHP Warning:  Undefined variable $row in C:\Users\asus\Downloads\CODE\FR_one-time.php on line 652
[03-Nov-2025 01:12:56 Europe/Berlin] PHP Warning:  Trying to access array offset on value of type null in C:\Users\asus\Downloads\CODE\FR_one-time.php on line 652
[03-Nov-2025 01:12:56 Europe/Berlin] PHP Deprecated:  htmlspecialchars(): Passing null to parameter #1 ($string) of type string is deprecated in C:\Users\asus\Downloads\CODE\FR_one-time.php on line 652
[03-Nov-2025 01:12:56 Europe/Berlin] PHP Warning:  Undefined variable $row in C:\Users\asus\Downloads\CODE\FR_one-time.php on line 653
[03-Nov-2025 01:12:56 Europe/Berlin] PHP Warning:  Trying to access array offset on value of type null in C:\Users\asus\Downloads\CODE\FR_one-time.php on line 653
[03-Nov-2025 01:12:56 Europe/Berlin] PHP Deprecated:  htmlspecialchars(): Passing null to parameter #1 ($string) of type string is deprecated in C:\Users\asus\Downloads\CODE\FR_one-time.php on line 653
[03-Nov-2025 01:12:56 Europe/Berlin] PHP Warning:  Undefined variable $row in C:\Users\asus\Downloads\CODE\FR_one-time.php on line 654
[03-Nov-2025 01:12:56 Europe/Berlin] PHP Warning:  Trying to access array offset on value of type null in C:\Users\asus\Downloads\CODE\FR_one-time.php on line 654
[03-Nov-2025 01:12:56 Europe/Berlin] PHP Deprecated:  htmlspecialchars(): Passing null to parameter #1 ($string) of type string is deprecated in C:\Users\asus\Downloads\CODE\FR_one-time.php on line 654
[03-Nov-2025 01:12:56 Europe/Berlin] PHP Warning:  Undefined variable $row in C:\Users\asus\Downloads\CODE\FR_one-time.php on line 655
[03-Nov-2025 01:12:56 Europe/Berlin] PHP Warning:  Trying to access array offset on value of type null in C:\Users\asus\Downloads\CODE\FR_one-time.php on line 655
[03-Nov-2025 01:12:56 Europe/Berlin] PHP Warning:  Undefined variable $row in C:\Users\asus\Downloads\CODE\FR_one-time.php on line 650
[03-Nov-2025 01:12:56 Europe/Berlin] PHP Warning:  Trying to access array offset on value of type null in C:\Users\asus\Downloads\CODE\FR_one-time.php on line 650
[03-Nov-2025 01:12:56 Europe/Berlin] PHP Deprecated:  htmlspecialchars(): Passing null to parameter #1 ($string) of type string is deprecated in C:\Users\asus\Downloads\CODE\FR_one-time.php on line 650
[03-Nov-2025 01:12:56 Europe/Berlin] PHP Warning:  Undefined variable $row in C:\Users\asus\Downloads\CODE\FR_one-time.php on line 652
[03-Nov-2025 01:12:56 Europe/Berlin] PHP Warning:  Trying to access array offset on value of type null in C:\Users\asus\Downloads\CODE\FR_one-time.php on line 652
[03-Nov-2025 01:12:56 Europe/Berlin] PHP Deprecated:  htmlspecialchars(): Passing null to parameter #1 ($string) of type string is deprecated in C:\Users\asus\Downloads\CODE\FR_one-time.php on line 652
[03-Nov-2025 01:12:56 Europe/Berlin] PHP Warning:  Undefined variable $row in C:\Users\asus\Downloads\CODE\FR_one-time.php on line 653
[03-Nov-2025 01:12:56 Europe/Berlin] PHP Warning:  Trying to access array offset on value of type null in C:\Users\asus\Downloads\CODE\FR_one-time.php on line 653
[03-Nov-2025 01:12:56 Europe/Berlin] PHP Deprecated:  htmlspecialchars(): Passing null to parameter #1 ($string) of type string is deprecated in C:\Users\asus\Downloads\CODE\FR_one-time.php on line 653
[03-Nov-2025 01:12:56 Europe/Berlin] PHP Warning:  Undefined variable $row in C:\Users\asus\Downloads\CODE\FR_one-time.php on line 654
[03-Nov-2025 01:12:56 Europe/Berlin] PHP Warning:  Trying to access array offset on value of type null in C:\Users\asus\Downloads\CODE\FR_one-time.php on line 654
[03-Nov-2025 01:12:56 Europe/Berlin] PHP Deprecated:  htmlspecialchars(): Passing null to parameter #1 ($string) of type string is deprecated in C:\Users\asus\Downloads\CODE\FR_one-time.php on line 654
[03-Nov-2025 01:12:56 Europe/Berlin] PHP Warning:  Undefined variable $row in C:\Users\asus\Downloads\CODE\FR_one-time.php on line 655
[03-Nov-2025 01:12:56 Europe/Berlin] PHP Warning:  Trying to access array offset on value of type null in C:\Users\asus\Downloads\CODE\FR_one-time.php on line 655
[03-Nov-2025 01:12:56 Europe/Berlin] PHP Warning:  Undefined variable $row in C:\Users\asus\Downloads\CODE\FR_one-time.php on line 650
[03-Nov-2025 01:12:56 Europe/Berlin] PHP Warning:  Trying to access array offset on value of type null in C:\Users\asus\Downloads\CODE\FR_one-time.php on line 650
[03-Nov-2025 01:12:56 Europe/Berlin] PHP Deprecated:  htmlspecialchars(): Passing null to parameter #1 ($string) of type string is deprecated in C:\Users\asus\Downloads\CODE\FR_one-time.php on line 650
[03-Nov-2025 01:12:56 Europe/Berlin] PHP Warning:  Undefined variable $row in C:\Users\asus\Downloads\CODE\FR_one-time.php on line 652
[03-Nov-2025 01:12:56 Europe/Berlin] PHP Warning:  Trying to access array offset on value of type null in C:\Users\asus\Downloads\CODE\FR_one-time.php on line 652
[03-Nov-2025 01:12:56 Europe/Berlin] PHP Deprecated:  htmlspecialchars(): Passing null to parameter #1 ($string) of type string is deprecated in C:\Users\asus\Downloads\CODE\FR_one-time.php on line 652
[03-Nov-2025 01:12:56 Europe/Berlin] PHP Warning:  Undefined variable $row in C:\Users\asus\Downloads\CODE\FR_one-time.php on line 653
[03-Nov-2025 01:12:56 Europe/Berlin] PHP Warning:  Trying to access array offset on value of type null in C:\Users\asus\Downloads\CODE\FR_one-time.php on line 653
[03-Nov-2025 01:12:56 Europe/Berlin] PHP Deprecated:  htmlspecialchars(): Passing null to parameter #1 ($string) of type string is deprecated in C:\Users\asus\Downloads\CODE\FR_one-time.php on line 653
[03-Nov-2025 01:12:56 Europe/Berlin] PHP Warning:  Undefined variable $row in C:\Users\asus\Downloads\CODE\FR_one-time.php on line 654
[03-Nov-2025 01:12:56 Europe/Berlin] PHP Warning:  Trying to access array offset on value of type null in C:\Users\asus\Downloads\CODE\FR_one-time.php on line 654
[03-Nov-2025 01:12:56 Europe/Berlin] PHP Deprecated:  htmlspecialchars(): Passing null to parameter #1 ($string) of type string is deprecated in C:\Users\asus\Downloads\CODE\FR_one-time.php on line 654
[03-Nov-2025 01:12:56 Europe/Berlin] PHP Warning:  Undefined variable $row in C:\Users\asus\Downloads\CODE\FR_one-time.php on line 655
[03-Nov-2025 01:12:56 Europe/Berlin] PHP Warning:  Trying to access array offset on value of type null in C:\Users\asus\Downloads\CODE\FR_one-time.php on line 655
[03-Nov-2025 01:12:56 Europe/Berlin] PHP Warning:  Undefined variable $row in C:\Users\asus\Downloads\CODE\FR_one-time.php on line 650
[03-Nov-2025 01:12:56 Europe/Berlin] PHP Warning:  Trying to access array offset on value of type null in C:\Users\asus\Downloads\CODE\FR_one-time.php on line 650
[03-Nov-2025 01:12:56 Europe/Berlin] PHP Deprecated:  htmlspecialchars(): Passing null to parameter #1 ($string) of type string is deprecated in C:\Users\asus\Downloads\CODE\FR_one-time.php on line 650
[03-Nov-2025 01:12:56 Europe/Berlin] PHP Warning:  Undefined variable $row in C:\Users\asus\Downloads\CODE\FR_one-time.php on line 652
[03-Nov-2025 01:12:56 Europe/Berlin] PHP Warning:  Trying to access array offset on value of type null in C:\Users\asus\Downloads\CODE\FR_one-time.php on line 652
[03-Nov-2025 01:12:56 Europe/Berlin] PHP Deprecated:  htmlspecialchars(): Passing null to parameter #1 ($string) of type string is deprecated in C:\Users\asus\Downloads\CODE\FR_one-time.php on line 652
[03-Nov-2025 01:12:56 Europe/Berlin] PHP Warning:  Undefined variable $row in C:\Users\asus\Downloads\CODE\FR_one-time.php on line 653
[03-Nov-2025 01:12:56 Europe/Berlin] PHP Warning:  Trying to access array offset on value of type null in C:\Users\asus\Downloads\CODE\FR_one-time.php on line 653
[03-Nov-2025 01:12:56 Europe/Berlin] PHP Deprecated:  htmlspecialchars(): Passing null to parameter #1 ($string) of type string is deprecated in C:\Users\asus\Downloads\CODE\FR_one-time.php on line 653
[03-Nov-2025 01:12:56 Europe/Berlin] PHP Warning:  Undefined variable $row in C:\Users\asus\Downloads\CODE\FR_one-time.php on line 654
[03-Nov-2025 01:12:56 Europe/Berlin] PHP Warning:  Trying to access array offset on value of type null in C:\Users\asus\Downloads\CODE\FR_one-time.php on line 654
[03-Nov-2025 01:12:56 Europe/Berlin] PHP Deprecated:  htmlspecialchars(): Passing null to parameter #1 ($string) of type string is deprecated in C:\Users\asus\Downloads\CODE\FR_one-time.php on line 654
[03-Nov-2025 01:12:56 Europe/Berlin] PHP Warning:  Undefined variable $row in C:\Users\asus\Downloads\CODE\FR_one-time.php on line 655
[03-Nov-2025 01:12:56 Europe/Berlin] PHP Warning:  Trying to access array offset on value of type null in C:\Users\asus\Downloads\CODE\FR_one-time.php on line 655
[03-Nov-2025 01:12:56 Europe/Berlin] PHP Warning:  Undefined variable $row in C:\Users\asus\Downloads\CODE\FR_one-time.php on line 650
[03-Nov-2025 01:12:56 Europe/Berlin] PHP Warning:  Trying to access array offset on value of type null in C:\Users\asus\Downloads\CODE\FR_one-time.php on line 650
[03-Nov-2025 01:12:56 Europe/Berlin] PHP Deprecated:  htmlspecialchars(): Passing null to parameter #1 ($string) of type string is deprecated in C:\Users\asus\Downloads\CODE\FR_one-time.php on line 650
[03-Nov-2025 01:12:56 Europe/Berlin] PHP Warning:  Undefined variable $row in C:\Users\asus\Downloads\CODE\FR_one-time.php on line 652
[03-Nov-2025 01:12:56 Europe/Berlin] PHP Warning:  Trying to access array offset on value of type null in C:\Users\asus\Downloads\CODE\FR_one-time.php on line 652
[03-Nov-2025 01:12:56 Europe/Berlin] PHP Deprecated:  htmlspecialchars(): Passing null to parameter #1 ($string) of type string is deprecated in C:\Users\asus\Downloads\CODE\FR_one-time.php on line 652
[03-Nov-2025 01:12:56 Europe/Berlin] PHP Warning:  Undefined variable $row in C:\Users\asus\Downloads\CODE\FR_one-time.php on line 653
[03-Nov-2025 01:12:56 Europe/Berlin] PHP Warning:  Trying to access array offset on value of type null in C:\Users\asus\Downloads\CODE\FR_one-time.php on line 653
[03-Nov-2025 01:12:56 Europe/Berlin] PHP Deprecated:  htmlspecialchars(): Passing null to parameter #1 ($string) of type string is deprecated in C:\Users\asus\Downloads\CODE\FR_one-time.php on line 653
[03-Nov-2025 01:12:56 Europe/Berlin] PHP Warning:  Undefined variable $row in C:\Users\asus\Downloads\CODE\FR_one-time.php on line 654
[03-Nov-2025 01:12:56 Europe/Berlin] PHP Warning:  Trying to access array offset on value of type null in C:\Users\asus\Downloads\CODE\FR_one-time.php on line 654
[03-Nov-2025 01:12:56 Europe/Berlin] PHP Deprecated:  htmlspecialchars(): Passing null to parameter #1 ($string) of type string is deprecated in C:\Users\asus\Downloads\CODE\FR_one-time.php on line 654
[03-Nov-2025 01:12:56 Europe/Berlin] PHP Warning:  Undefined variable $row in C:\Users\asus\Downloads\CODE\FR_one-time.php on line 655
[03-Nov-2025 01:12:56 Europe/Berlin] PHP Warning:  Trying to access array offset on value of type null in C:\Users\asus\Downloads\CODE\FR_one-time.php on line 655
[03-Nov-2025 01:12:56 Europe/Berlin] PHP Warning:  Undefined variable $row in C:\Users\asus\Downloads\CODE\FR_one-time.php on line 650
[03-Nov-2025 01:12:56 Europe/Berlin] PHP Warning:  Trying to access array offset on value of type null in C:\Users\asus\Downloads\CODE\FR_one-time.php on line 650
[03-Nov-2025 01:12:56 Europe/Berlin] PHP Deprecated:  htmlspecialchars(): Passing null to parameter #1 ($string) of type string is deprecated in C:\Users\asus\Downloads\CODE\FR_one-time.php on line 650
[03-Nov-2025 01:12:56 Europe/Berlin] PHP Warning:  Undefined variable $row in C:\Users\asus\Downloads\CODE\FR_one-time.php on line 652
[03-Nov-2025 01:12:56 Europe/Berlin] PHP Warning:  Trying to access array offset on value of type null in C:\Users\asus\Downloads\CODE\FR_one-time.php on line 652
[03-Nov-2025 01:12:56 Europe/Berlin] PHP Deprecated:  htmlspecialchars(): Passing null to parameter #1 ($string) of type string is deprecated in C:\Users\asus\Downloads\CODE\FR_one-time.php on line 652
[03-Nov-2025 01:12:56 Europe/Berlin] PHP Warning:  Undefined variable $row in C:\Users\asus\Downloads\CODE\FR_one-time.php on line 653
[03-Nov-2025 01:12:56 Europe/Berlin] PHP Warning:  Trying to access array offset on value of type null in C:\Users\asus\Downloads\CODE\FR_one-time.php on line 653
[03-Nov-2025 01:12:56 Europe/Berlin] PHP Deprecated:  htmlspecialchars(): Passing null to parameter #1 ($string) of type string is deprecated in C:\Users\asus\Downloads\CODE\FR_one-time.php on line 653
[03-Nov-2025 01:12:56 Europe/Berlin] PHP Warning:  Undefined variable $row in C:\Users\asus\Downloads\CODE\FR_one-time.php on line 654
[03-Nov-2025 01:12:56 Europe/Berlin] PHP Warning:  Trying to access array offset on value of type null in C:\Users\asus\Downloads\CODE\FR_one-time.php on line 654
[03-Nov-2025 01:12:56 Europe/Berlin] PHP Deprecated:  htmlspecialchars(): Passing null to parameter #1 ($string) of type string is deprecated in C:\Users\asus\Downloads\CODE\FR_one-time.php on line 654
[03-Nov-2025 01:12:56 Europe/Berlin] PHP Warning:  Undefined variable $row in C:\Users\asus\Downloads\CODE\FR_one-time.php on line 655
[03-Nov-2025 01:12:56 Europe/Berlin] PHP Warning:  Trying to access array offset on value of type null in C:\Users\asus\Downloads\CODE\FR_one-time.php on line 655
[03-Nov-2025 01:12:56 Europe/Berlin] PHP Warning:  Undefined variable $row in C:\Users\asus\Downloads\CODE\FR_one-time.php on line 650
[03-Nov-2025 01:12:56 Europe/Berlin] PHP Warning:  Trying to access array offset on value of type null in C:\Users\asus\Downloads\CODE\FR_one-time.php on line 650
[03-Nov-2025 01:12:56 Europe/Berlin] PHP Deprecated:  htmlspecialchars(): Passing null to parameter #1 ($string) of type string is deprecated in C:\Users\asus\Downloads\CODE\FR_one-time.php on line 650
[03-Nov-2025 01:12:56 Europe/Berlin] PHP Warning:  Undefined variable $row in C:\Users\asus\Downloads\CODE\FR_one-time.php on line 652
[03-Nov-2025 01:12:56 Europe/Berlin] PHP Warning:  Trying to access array offset on value of type null in C:\Users\asus\Downloads\CODE\FR_one-time.php on line 652
[03-Nov-2025 01:12:56 Europe/Berlin] PHP Deprecated:  htmlspecialchars(): Passing null to parameter #1 ($string) of type string is deprecated in C:\Users\asus\Downloads\CODE\FR_one-time.php on line 652
[03-Nov-2025 01:12:56 Europe/Berlin] PHP Warning:  Undefined variable $row in C:\Users\asus\Downloads\CODE\FR_one-time.php on line 653
[03-Nov-2025 01:12:56 Europe/Berlin] PHP Warning:  Trying to access array offset on value of type null in C:\Users\asus\Downloads\CODE\FR_one-time.php on line 653
[03-Nov-2025 01:12:56 Europe/Berlin] PHP Deprecated:  htmlspecialchars(): Passing null to parameter #1 ($string) of type string is deprecated in C:\Users\asus\Downloads\CODE\FR_one-time.php on line 653
[03-Nov-2025 01:12:56 Europe/Berlin] PHP Warning:  Undefined variable $row in C:\Users\asus\Downloads\CODE\FR_one-time.php on line 654
[03-Nov-2025 01:12:56 Europe/Berlin] PHP Warning:  Trying to access array offset on value of type null in C:\Users\asus\Downloads\CODE\FR_one-time.php on line 654
[03-Nov-2025 01:12:56 Europe/Berlin] PHP Deprecated:  htmlspecialchars(): Passing null to parameter #1 ($string) of type string is deprecated in C:\Users\asus\Downloads\CODE\FR_one-time.php on line 654
[03-Nov-2025 01:12:56 Europe/Berlin] PHP Warning:  Undefined variable $row in C:\Users\asus\Downloads\CODE\FR_one-time.php on line 655
[03-Nov-2025 01:12:56 Europe/Berlin] PHP Warning:  Trying to access array offset on value of type null in C:\Users\asus\Downloads\CODE\FR_one-time.php on line 655
[03-Nov-2025 01:12:56 Europe/Berlin] PHP Warning:  Undefined variable $row in C:\Users\asus\Downloads\CODE\FR_one-time.php on line 650
[03-Nov-2025 01:12:56 Europe/Berlin] PHP Warning:  Trying to access array offset on value of type null in C:\Users\asus\Downloads\CODE\FR_one-time.php on line 650
[03-Nov-2025 01:12:56 Europe/Berlin] PHP Deprecated:  htmlspecialchars(): Passing null to parameter #1 ($string) of type string is deprecated in C:\Users\asus\Downloads\CODE\FR_one-time.php on line 650
[03-Nov-2025 01:12:56 Europe/Berlin] PHP Warning:  Undefined variable $row in C:\Users\asus\Downloads\CODE\FR_one-time.php on line 652
[03-Nov-2025 01:12:56 Europe/Berlin] PHP Warning:  Trying to access array offset on value of type null in C:\Users\asus\Downloads\CODE\FR_one-time.php on line 652
[03-Nov-2025 01:12:56 Europe/Berlin] PHP Deprecated:  htmlspecialchars(): Passing null to parameter #1 ($string) of type string is deprecated in C:\Users\asus\Downloads\CODE\FR_one-time.php on line 652
[03-Nov-2025 01:12:56 Europe/Berlin] PHP Warning:  Undefined variable $row in C:\Users\asus\Downloads\CODE\FR_one-time.php on line 653
[03-Nov-2025 01:12:56 Europe/Berlin] PHP Warning:  Trying to access array offset on value of type null in C:\Users\asus\Downloads\CODE\FR_one-time.php on line 653
[03-Nov-2025 01:12:56 Europe/Berlin] PHP Deprecated:  htmlspecialchars(): Passing null to parameter #1 ($string) of type string is deprecated in C:\Users\asus\Downloads\CODE\FR_one-time.php on line 653
[03-Nov-2025 01:12:56 Europe/Berlin] PHP Warning:  Undefined variable $row in C:\Users\asus\Downloads\CODE\FR_one-time.php on line 654
[03-Nov-2025 01:12:56 Europe/Berlin] PHP Warning:  Trying to access array offset on value of type null in C:\Users\asus\Downloads\CODE\FR_one-time.php on line 654
[03-Nov-2025 01:12:56 Europe/Berlin] PHP Deprecated:  htmlspecialchars(): Passing null to parameter #1 ($string) of type string is deprecated in C:\Users\asus\Downloads\CODE\FR_one-time.php on line 654
[03-Nov-2025 01:12:56 Europe/Berlin] PHP Warning:  Undefined variable $row in C:\Users\asus\Downloads\CODE\FR_one-time.php on line 655
[03-Nov-2025 01:12:56 Europe/Berlin] PHP Warning:  Trying to access array offset on value of type null in C:\Users\asus\Downloads\CODE\FR_one-time.php on line 655
[03-Nov-2025 01:12:56 Europe/Berlin] PHP Warning:  Undefined variable $row in C:\Users\asus\Downloads\CODE\FR_one-time.php on line 650
[03-Nov-2025 01:12:56 Europe/Berlin] PHP Warning:  Trying to access array offset on value of type null in C:\Users\asus\Downloads\CODE\FR_one-time.php on line 650
[03-Nov-2025 01:12:56 Europe/Berlin] PHP Deprecated:  htmlspecialchars(): Passing null to parameter #1 ($string) of type string is deprecated in C:\Users\asus\Downloads\CODE\FR_one-time.php on line 650
[03-Nov-2025 01:12:56 Europe/Berlin] PHP Warning:  Undefined variable $row in C:\Users\asus\Downloads\CODE\FR_one-time.php on line 652
[03-Nov-2025 01:12:56 Europe/Berlin] PHP Warning:  Trying to access array offset on value of type null in C:\Users\asus\Downloads\CODE\FR_one-time.php on line 652
[03-Nov-2025 01:12:56 Europe/Berlin] PHP Deprecated:  htmlspecialchars(): Passing null to parameter #1 ($string) of type string is deprecated in C:\Users\asus\Downloads\CODE\FR_one-time.php on line 652
[03-Nov-2025 01:12:56 Europe/Berlin] PHP Warning:  Undefined variable $row in C:\Users\asus\Downloads\CODE\FR_one-time.php on line 653
[03-Nov-2025 01:12:56 Europe/Berlin] PHP Warning:  Trying to access array offset on value of type null in C:\Users\asus\Downloads\CODE\FR_one-time.php on line 653
[03-Nov-2025 01:12:56 Europe/Berlin] PHP Deprecated:  htmlspecialchars(): Passing null to parameter #1 ($string) of type string is deprecated in C:\Users\asus\Downloads\CODE\FR_one-time.php on line 653
[03-Nov-2025 01:12:56 Europe/Berlin] PHP Warning:  Undefined variable $row in C:\Users\asus\Downloads\CODE\FR_one-time.php on line 654
[03-Nov-2025 01:12:56 Europe/Berlin] PHP Warning:  Trying to access array offset on value of type null in C:\Users\asus\Downloads\CODE\FR_one-time.php on line 654
[03-Nov-2025 01:12:56 Europe/Berlin] PHP Deprecated:  htmlspecialchars(): Passing null to parameter #1 ($string) of type string is deprecated in C:\Users\asus\Downloads\CODE\FR_one-time.php on line 654
[03-Nov-2025 01:12:56 Europe/Berlin] PHP Warning:  Undefined variable $row in C:\Users\asus\Downloads\CODE\FR_one-time.php on line 655
[03-Nov-2025 01:12:56 Europe/Berlin] PHP Warning:  Trying to access array offset on value of type null in C:\Users\asus\Downloads\CODE\FR_one-time.php on line 655
[03-Nov-2025 01:12:56 Europe/Berlin] PHP Warning:  Undefined variable $row in C:\Users\asus\Downloads\CODE\FR_one-time.php on line 650
[03-Nov-2025 01:12:56 Europe/Berlin] PHP Warning:  Trying to access array offset on value of type null in C:\Users\asus\Downloads\CODE\FR_one-time.php on line 650
[03-Nov-2025 01:12:56 Europe/Berlin] PHP Deprecated:  htmlspecialchars(): Passing null to parameter #1 ($string) of type string is deprecated in C:\Users\asus\Downloads\CODE\FR_one-time.php on line 650
[03-Nov-2025 01:12:56 Europe/Berlin] PHP Warning:  Undefined variable $row in C:\Users\asus\Downloads\CODE\FR_one-time.php on line 652
[03-Nov-2025 01:12:56 Europe/Berlin] PHP Warning:  Trying to access array offset on value of type null in C:\Users\asus\Downloads\CODE\FR_one-time.php on line 652
[03-Nov-2025 01:12:56 Europe/Berlin] PHP Deprecated:  htmlspecialchars(): Passing null to parameter #1 ($string) of type string is deprecated in C:\Users\asus\Downloads\CODE\FR_one-time.php on line 652
[03-Nov-2025 01:12:56 Europe/Berlin] PHP Warning:  Undefined variable $row in C:\Users\asus\Downloads\CODE\FR_one-time.php on line 653
[03-Nov-2025 01:12:56 Europe/Berlin] PHP Warning:  Trying to access array offset on value of type null in C:\Users\asus\Downloads\CODE\FR_one-time.php on line 653
[03-Nov-2025 01:12:56 Europe/Berlin] PHP Deprecated:  htmlspecialchars(): Passing null to parameter #1 ($string) of type string is deprecated in C:\Users\asus\Downloads\CODE\FR_one-time.php on line 653
[03-Nov-2025 01:12:56 Europe/Berlin] PHP Warning:  Undefined variable $row in C:\Users\asus\Downloads\CODE\FR_one-time.php on line 654
[03-Nov-2025 01:12:56 Europe/Berlin] PHP Warning:  Trying to access array offset on value of type null in C:\Users\asus\Downloads\CODE\FR_one-time.php on line 654
[03-Nov-2025 01:12:56 Europe/Berlin] PHP Deprecated:  htmlspecialchars(): Passing null to parameter #1 ($string) of type string is deprecated in C:\Users\asus\Downloads\CODE\FR_one-time.php on line 654
[03-Nov-2025 01:12:56 Europe/Berlin] PHP Warning:  Undefined variable $row in C:\Users\asus\Downloads\CODE\FR_one-time.php on line 655
[03-Nov-2025 01:12:56 Europe/Berlin] PHP Warning:  Trying to access array offset on value of type null in C:\Users\asus\Downloads\CODE\FR_one-time.php on line 655
[03-Nov-2025 01:12:56 Europe/Berlin] PHP Warning:  Undefined variable $row in C:\Users\asus\Downloads\CODE\FR_one-time.php on line 650
[03-Nov-2025 01:12:56 Europe/Berlin] PHP Warning:  Trying to access array offset on value of type null in C:\Users\asus\Downloads\CODE\FR_one-time.php on line 650
[03-Nov-2025 01:12:56 Europe/Berlin] PHP Deprecated:  htmlspecialchars(): Passing null to parameter #1 ($string) of type string is deprecated in C:\Users\asus\Downloads\CODE\FR_one-time.php on line 650
[03-Nov-2025 01:12:56 Europe/Berlin] PHP Warning:  Undefined variable $row in C:\Users\asus\Downloads\CODE\FR_one-time.php on line 652
[03-Nov-2025 01:12:56 Europe/Berlin] PHP Warning:  Trying to access array offset on value of type null in C:\Users\asus\Downloads\CODE\FR_one-time.php on line 652
[03-Nov-2025 01:12:56 Europe/Berlin] PHP Deprecated:  htmlspecialchars(): Passing null to parameter #1 ($string) of type string is deprecated in C:\Users\asus\Downloads\CODE\FR_one-time.php on line 652
[03-Nov-2025 01:12:56 Europe/Berlin] PHP Warning:  Undefined variable $row in C:\Users\asus\Downloads\CODE\FR_one-time.php on line 653
[03-Nov-2025 01:12:56 Europe/Berlin] PHP Warning:  Trying to access array offset on value of type null in C:\Users\asus\Downloads\CODE\FR_one-time.php on line 653
[03-Nov-2025 01:12:56 Europe/Berlin] PHP Deprecated:  htmlspecialchars(): Passing null to parameter #1 ($string) of type string is deprecated in C:\Users\asus\Downloads\CODE\FR_one-time.php on line 653
[03-Nov-2025 01:12:56 Europe/Berlin] PHP Warning:  Undefined variable $row in C:\Users\asus\Downloads\CODE\FR_one-time.php on line 654
[03-Nov-2025 01:12:56 Europe/Berlin] PHP Warning:  Trying to access array offset on value of type null in C:\Users\asus\Downloads\CODE\FR_one-time.php on line 654
[03-Nov-2025 01:12:56 Europe/Berlin] PHP Deprecated:  htmlspecialchars(): Passing null to parameter #1 ($string) of type string is deprecated in C:\Users\asus\Downloads\CODE\FR_one-time.php on line 654
[03-Nov-2025 01:12:56 Europe/Berlin] PHP Warning:  Undefined variable $row in C:\Users\asus\Downloads\CODE\FR_one-time.php on line 655
[03-Nov-2025 01:12:56 Europe/Berlin] PHP Warning:  Trying to access array offset on value of type null in C:\Users\asus\Downloads\CODE\FR_one-time.php on line 655
[03-Nov-2025 01:12:56 Europe/Berlin] PHP Warning:  Undefined variable $row in C:\Users\asus\Downloads\CODE\FR_one-time.php on line 650
[03-Nov-2025 01:12:56 Europe/Berlin] PHP Warning:  Trying to access array offset on value of type null in C:\Users\asus\Downloads\CODE\FR_one-time.php on line 650
[03-Nov-2025 01:12:56 Europe/Berlin] PHP Deprecated:  htmlspecialchars(): Passing null to parameter #1 ($string) of type string is deprecated in C:\Users\asus\Downloads\CODE\FR_one-time.php on line 650
[03-Nov-2025 01:12:56 Europe/Berlin] PHP Warning:  Undefined variable $row in C:\Users\asus\Downloads\CODE\FR_one-time.php on line 652
[03-Nov-2025 01:12:56 Europe/Berlin] PHP Warning:  Trying to access array offset on value of type null in C:\Users\asus\Downloads\CODE\FR_one-time.php on line 652
[03-Nov-2025 01:12:56 Europe/Berlin] PHP Deprecated:  htmlspecialchars(): Passing null to parameter #1 ($string) of type string is deprecated in C:\Users\asus\Downloads\CODE\FR_one-time.php on line 652
[03-Nov-2025 01:12:56 Europe/Berlin] PHP Warning:  Undefined variable $row in C:\Users\asus\Downloads\CODE\FR_one-time.php on line 653
[03-Nov-2025 01:12:56 Europe/Berlin] PHP Warning:  Trying to access array offset on value of type null in C:\Users\asus\Downloads\CODE\FR_one-time.php on line 653
[03-Nov-2025 01:12:56 Europe/Berlin] PHP Deprecated:  htmlspecialchars(): Passing null to parameter #1 ($string) of type string is deprecated in C:\Users\asus\Downloads\CODE\FR_one-time.php on line 653
[03-Nov-2025 01:12:56 Europe/Berlin] PHP Warning:  Undefined variable $row in C:\Users\asus\Downloads\CODE\FR_one-time.php on line 654
[03-Nov-2025 01:12:56 Europe/Berlin] PHP Warning:  Trying to access array offset on value of type null in C:\Users\asus\Downloads\CODE\FR_one-time.php on line 654
[03-Nov-2025 01:12:56 Europe/Berlin] PHP Deprecated:  htmlspecialchars(): Passing null to parameter #1 ($string) of type string is deprecated in C:\Users\asus\Downloads\CODE\FR_one-time.php on line 654
[03-Nov-2025 01:12:56 Europe/Berlin] PHP Warning:  Undefined variable $row in C:\Users\asus\Downloads\CODE\FR_one-time.php on line 655
[03-Nov-2025 01:12:56 Europe/Berlin] PHP Warning:  Trying to access array offset on value of type null in C:\Users\asus\Downloads\CODE\FR_one-time.php on line 655
[03-Nov-2025 01:12:56 Europe/Berlin] PHP Warning:  Undefined variable $row in C:\Users\asus\Downloads\CODE\FR_one-time.php on line 650
[03-Nov-2025 01:12:56 Europe/Berlin] PHP Warning:  Trying to access array offset on value of type null in C:\Users\asus\Downloads\CODE\FR_one-time.php on line 650
[03-Nov-2025 01:12:56 Europe/Berlin] PHP Deprecated:  htmlspecialchars(): Passing null to parameter #1 ($string) of type string is deprecated in C:\Users\asus\Downloads\CODE\FR_one-time.php on line 650
[03-Nov-2025 01:12:56 Europe/Berlin] PHP Warning:  Undefined variable $row in C:\Users\asus\Downloads\CODE\FR_one-time.php on line 652
[03-Nov-2025 01:12:56 Europe/Berlin] PHP Warning:  Trying to access array offset on value of type null in C:\Users\asus\Downloads\CODE\FR_one-time.php on line 652
[03-Nov-2025 01:12:56 Europe/Berlin] PHP Deprecated:  htmlspecialchars(): Passing null to parameter #1 ($string) of type string is deprecated in C:\Users\asus\Downloads\CODE\FR_one-time.php on line 652
[03-Nov-2025 01:12:56 Europe/Berlin] PHP Warning:  Undefined variable $row in C:\Users\asus\Downloads\CODE\FR_one-time.php on line 653
[03-Nov-2025 01:12:56 Europe/Berlin] PHP Warning:  Trying to access array offset on value of type null in C:\Users\asus\Downloads\CODE\FR_one-time.php on line 653
[03-Nov-2025 01:12:56 Europe/Berlin] PHP Deprecated:  htmlspecialchars(): Passing null to parameter #1 ($string) of type string is deprecated in C:\Users\asus\Downloads\CODE\FR_one-time.php on line 653
[03-Nov-2025 01:12:56 Europe/Berlin] PHP Warning:  Undefined variable $row in C:\Users\asus\Downloads\CODE\FR_one-time.php on line 654
[03-Nov-2025 01:12:56 Europe/Berlin] PHP Warning:  Trying to access array offset on value of type null in C:\Users\asus\Downloads\CODE\FR_one-time.php on line 654
[03-Nov-2025 01:12:56 Europe/Berlin] PHP Deprecated:  htmlspecialchars(): Passing null to parameter #1 ($string) of type string is deprecated in C:\Users\asus\Downloads\CODE\FR_one-time.php on line 654
[03-Nov-2025 01:12:56 Europe/Berlin] PHP Warning:  Undefined variable $row in C:\Users\asus\Downloads\CODE\FR_one-time.php on line 655
[03-Nov-2025 01:12:56 Europe/Berlin] PHP Warning:  Trying to access array offset on value of type null in C:\Users\asus\Downloads\CODE\FR_one-time.php on line 655
[03-Nov-2025 01:32:33 Europe/Berlin] PHP Warning:  Undefined variable $bookings in C:\Users\asus\Downloads\CODE\FR_one-time.php on line 654
[03-Nov-2025 01:32:33 Europe/Berlin] PHP Warning:  Trying to access array offset on value of type null in C:\Users\asus\Downloads\CODE\FR_one-time.php on line 654
[03-Nov-2025 01:32:33 Europe/Berlin] PHP Deprecated:  htmlspecialchars(): Passing null to parameter #1 ($string) of type string is deprecated in C:\Users\asus\Downloads\CODE\FR_one-time.php on line 654
[03-Nov-2025 01:32:33 Europe/Berlin] PHP Warning:  Undefined variable $bookings in C:\Users\asus\Downloads\CODE\FR_one-time.php on line 656
[03-Nov-2025 01:32:33 Europe/Berlin] PHP Warning:  Trying to access array offset on value of type null in C:\Users\asus\Downloads\CODE\FR_one-time.php on line 656
[03-Nov-2025 01:32:33 Europe/Berlin] PHP Deprecated:  htmlspecialchars(): Passing null to parameter #1 ($string) of type string is deprecated in C:\Users\asus\Downloads\CODE\FR_one-time.php on line 656
[03-Nov-2025 01:32:33 Europe/Berlin] PHP Warning:  Undefined variable $bookings in C:\Users\asus\Downloads\CODE\FR_one-time.php on line 657
[03-Nov-2025 01:32:33 Europe/Berlin] PHP Warning:  Trying to access array offset on value of type null in C:\Users\asus\Downloads\CODE\FR_one-time.php on line 657
[03-Nov-2025 01:32:33 Europe/Berlin] PHP Deprecated:  htmlspecialchars(): Passing null to parameter #1 ($string) of type string is deprecated in C:\Users\asus\Downloads\CODE\FR_one-time.php on line 657
[03-Nov-2025 01:32:33 Europe/Berlin] PHP Warning:  Undefined variable $bookings in C:\Users\asus\Downloads\CODE\FR_one-time.php on line 654
[03-Nov-2025 01:32:33 Europe/Berlin] PHP Warning:  Trying to access array offset on value of type null in C:\Users\asus\Downloads\CODE\FR_one-time.php on line 654
[03-Nov-2025 01:32:33 Europe/Berlin] PHP Deprecated:  htmlspecialchars(): Passing null to parameter #1 ($string) of type string is deprecated in C:\Users\asus\Downloads\CODE\FR_one-time.php on line 654
[03-Nov-2025 01:32:33 Europe/Berlin] PHP Warning:  Undefined variable $bookings in C:\Users\asus\Downloads\CODE\FR_one-time.php on line 656
[03-Nov-2025 01:32:33 Europe/Berlin] PHP Warning:  Trying to access array offset on value of type null in C:\Users\asus\Downloads\CODE\FR_one-time.php on line 656
[03-Nov-2025 01:32:33 Europe/Berlin] PHP Deprecated:  htmlspecialchars(): Passing null to parameter #1 ($string) of type string is deprecated in C:\Users\asus\Downloads\CODE\FR_one-time.php on line 656
[03-Nov-2025 01:32:33 Europe/Berlin] PHP Warning:  Undefined variable $bookings in C:\Users\asus\Downloads\CODE\FR_one-time.php on line 657
[03-Nov-2025 01:32:33 Europe/Berlin] PHP Warning:  Trying to access array offset on value of type null in C:\Users\asus\Downloads\CODE\FR_one-time.php on line 657
[03-Nov-2025 01:32:33 Europe/Berlin] PHP Deprecated:  htmlspecialchars(): Passing null to parameter #1 ($string) of type string is deprecated in C:\Users\asus\Downloads\CODE\FR_one-time.php on line 657
[03-Nov-2025 01:32:33 Europe/Berlin] PHP Warning:  Undefined variable $bookings in C:\Users\asus\Downloads\CODE\FR_one-time.php on line 654
[03-Nov-2025 01:32:33 Europe/Berlin] PHP Warning:  Trying to access array offset on value of type null in C:\Users\asus\Downloads\CODE\FR_one-time.php on line 654
[03-Nov-2025 01:32:33 Europe/Berlin] PHP Deprecated:  htmlspecialchars(): Passing null to parameter #1 ($string) of type string is deprecated in C:\Users\asus\Downloads\CODE\FR_one-time.php on line 654
[03-Nov-2025 01:32:33 Europe/Berlin] PHP Warning:  Undefined variable $bookings in C:\Users\asus\Downloads\CODE\FR_one-time.php on line 656
[03-Nov-2025 01:32:33 Europe/Berlin] PHP Warning:  Trying to access array offset on value of type null in C:\Users\asus\Downloads\CODE\FR_one-time.php on line 656
[03-Nov-2025 01:32:33 Europe/Berlin] PHP Deprecated:  htmlspecialchars(): Passing null to parameter #1 ($string) of type string is deprecated in C:\Users\asus\Downloads\CODE\FR_one-time.php on line 656
[03-Nov-2025 01:32:33 Europe/Berlin] PHP Warning:  Undefined variable $bookings in C:\Users\asus\Downloads\CODE\FR_one-time.php on line 657
[03-Nov-2025 01:32:33 Europe/Berlin] PHP Warning:  Trying to access array offset on value of type null in C:\Users\asus\Downloads\CODE\FR_one-time.php on line 657
[03-Nov-2025 01:32:33 Europe/Berlin] PHP Deprecated:  htmlspecialchars(): Passing null to parameter #1 ($string) of type string is deprecated in C:\Users\asus\Downloads\CODE\FR_one-time.php on line 657
[03-Nov-2025 01:32:33 Europe/Berlin] PHP Warning:  Undefined variable $bookings in C:\Users\asus\Downloads\CODE\FR_one-time.php on line 654
[03-Nov-2025 01:32:33 Europe/Berlin] PHP Warning:  Trying to access array offset on value of type null in C:\Users\asus\Downloads\CODE\FR_one-time.php on line 654
[03-Nov-2025 01:32:33 Europe/Berlin] PHP Deprecated:  htmlspecialchars(): Passing null to parameter #1 ($string) of type string is deprecated in C:\Users\asus\Downloads\CODE\FR_one-time.php on line 654
[03-Nov-2025 01:32:33 Europe/Berlin] PHP Warning:  Undefined variable $bookings in C:\Users\asus\Downloads\CODE\FR_one-time.php on line 656
[03-Nov-2025 01:32:33 Europe/Berlin] PHP Warning:  Trying to access array offset on value of type null in C:\Users\asus\Downloads\CODE\FR_one-time.php on line 656
[03-Nov-2025 01:32:33 Europe/Berlin] PHP Deprecated:  htmlspecialchars(): Passing null to parameter #1 ($string) of type string is deprecated in C:\Users\asus\Downloads\CODE\FR_one-time.php on line 656
[03-Nov-2025 01:32:33 Europe/Berlin] PHP Warning:  Undefined variable $bookings in C:\Users\asus\Downloads\CODE\FR_one-time.php on line 657
[03-Nov-2025 01:32:33 Europe/Berlin] PHP Warning:  Trying to access array offset on value of type null in C:\Users\asus\Downloads\CODE\FR_one-time.php on line 657
[03-Nov-2025 01:32:33 Europe/Berlin] PHP Deprecated:  htmlspecialchars(): Passing null to parameter #1 ($string) of type string is deprecated in C:\Users\asus\Downloads\CODE\FR_one-time.php on line 657
[03-Nov-2025 01:32:33 Europe/Berlin] PHP Warning:  Undefined variable $bookings in C:\Users\asus\Downloads\CODE\FR_one-time.php on line 654
[03-Nov-2025 01:32:33 Europe/Berlin] PHP Warning:  Trying to access array offset on value of type null in C:\Users\asus\Downloads\CODE\FR_one-time.php on line 654
[03-Nov-2025 01:32:33 Europe/Berlin] PHP Deprecated:  htmlspecialchars(): Passing null to parameter #1 ($string) of type string is deprecated in C:\Users\asus\Downloads\CODE\FR_one-time.php on line 654
[03-Nov-2025 01:32:33 Europe/Berlin] PHP Warning:  Undefined variable $bookings in C:\Users\asus\Downloads\CODE\FR_one-time.php on line 656
[03-Nov-2025 01:32:33 Europe/Berlin] PHP Warning:  Trying to access array offset on value of type null in C:\Users\asus\Downloads\CODE\FR_one-time.php on line 656
[03-Nov-2025 01:32:33 Europe/Berlin] PHP Deprecated:  htmlspecialchars(): Passing null to parameter #1 ($string) of type string is deprecated in C:\Users\asus\Downloads\CODE\FR_one-time.php on line 656
[03-Nov-2025 01:32:33 Europe/Berlin] PHP Warning:  Undefined variable $bookings in C:\Users\asus\Downloads\CODE\FR_one-time.php on line 657
[03-Nov-2025 01:32:33 Europe/Berlin] PHP Warning:  Trying to access array offset on value of type null in C:\Users\asus\Downloads\CODE\FR_one-time.php on line 657
[03-Nov-2025 01:32:33 Europe/Berlin] PHP Deprecated:  htmlspecialchars(): Passing null to parameter #1 ($string) of type string is deprecated in C:\Users\asus\Downloads\CODE\FR_one-time.php on line 657
[03-Nov-2025 01:32:33 Europe/Berlin] PHP Warning:  Undefined variable $bookings in C:\Users\asus\Downloads\CODE\FR_one-time.php on line 654
[03-Nov-2025 01:32:33 Europe/Berlin] PHP Warning:  Trying to access array offset on value of type null in C:\Users\asus\Downloads\CODE\FR_one-time.php on line 654
[03-Nov-2025 01:32:33 Europe/Berlin] PHP Deprecated:  htmlspecialchars(): Passing null to parameter #1 ($string) of type string is deprecated in C:\Users\asus\Downloads\CODE\FR_one-time.php on line 654
[03-Nov-2025 01:32:33 Europe/Berlin] PHP Warning:  Undefined variable $bookings in C:\Users\asus\Downloads\CODE\FR_one-time.php on line 656
[03-Nov-2025 01:32:33 Europe/Berlin] PHP Warning:  Trying to access array offset on value of type null in C:\Users\asus\Downloads\CODE\FR_one-time.php on line 656
[03-Nov-2025 01:32:33 Europe/Berlin] PHP Deprecated:  htmlspecialchars(): Passing null to parameter #1 ($string) of type string is deprecated in C:\Users\asus\Downloads\CODE\FR_one-time.php on line 656
[03-Nov-2025 01:32:33 Europe/Berlin] PHP Warning:  Undefined variable $bookings in C:\Users\asus\Downloads\CODE\FR_one-time.php on line 657
[03-Nov-2025 01:32:33 Europe/Berlin] PHP Warning:  Trying to access array offset on value of type null in C:\Users\asus\Downloads\CODE\FR_one-time.php on line 657
[03-Nov-2025 01:32:33 Europe/Berlin] PHP Deprecated:  htmlspecialchars(): Passing null to parameter #1 ($string) of type string is deprecated in C:\Users\asus\Downloads\CODE\FR_one-time.php on line 657
[03-Nov-2025 01:32:33 Europe/Berlin] PHP Warning:  Undefined variable $bookings in C:\Users\asus\Downloads\CODE\FR_one-time.php on line 654
[03-Nov-2025 01:32:33 Europe/Berlin] PHP Warning:  Trying to access array offset on value of type null in C:\Users\asus\Downloads\CODE\FR_one-time.php on line 654
[03-Nov-2025 01:32:33 Europe/Berlin] PHP Deprecated:  htmlspecialchars(): Passing null to parameter #1 ($string) of type string is deprecated in C:\Users\asus\Downloads\CODE\FR_one-time.php on line 654
[03-Nov-2025 01:32:33 Europe/Berlin] PHP Warning:  Undefined variable $bookings in C:\Users\asus\Downloads\CODE\FR_one-time.php on line 656
[03-Nov-2025 01:32:33 Europe/Berlin] PHP Warning:  Trying to access array offset on value of type null in C:\Users\asus\Downloads\CODE\FR_one-time.php on line 656
[03-Nov-2025 01:32:33 Europe/Berlin] PHP Deprecated:  htmlspecialchars(): Passing null to parameter #1 ($string) of type string is deprecated in C:\Users\asus\Downloads\CODE\FR_one-time.php on line 656
[03-Nov-2025 01:32:33 Europe/Berlin] PHP Warning:  Undefined variable $bookings in C:\Users\asus\Downloads\CODE\FR_one-time.php on line 657
[03-Nov-2025 01:32:33 Europe/Berlin] PHP Warning:  Trying to access array offset on value of type null in C:\Users\asus\Downloads\CODE\FR_one-time.php on line 657
[03-Nov-2025 01:32:33 Europe/Berlin] PHP Deprecated:  htmlspecialchars(): Passing null to parameter #1 ($string) of type string is deprecated in C:\Users\asus\Downloads\CODE\FR_one-time.php on line 657
[03-Nov-2025 01:32:33 Europe/Berlin] PHP Warning:  Undefined variable $bookings in C:\Users\asus\Downloads\CODE\FR_one-time.php on line 654
[03-Nov-2025 01:32:33 Europe/Berlin] PHP Warning:  Trying to access array offset on value of type null in C:\Users\asus\Downloads\CODE\FR_one-time.php on line 654
[03-Nov-2025 01:32:33 Europe/Berlin] PHP Deprecated:  htmlspecialchars(): Passing null to parameter #1 ($string) of type string is deprecated in C:\Users\asus\Downloads\CODE\FR_one-time.php on line 654
[03-Nov-2025 01:32:33 Europe/Berlin] PHP Warning:  Undefined variable $bookings in C:\Users\asus\Downloads\CODE\FR_one-time.php on line 656
[03-Nov-2025 01:32:33 Europe/Berlin] PHP Warning:  Trying to access array offset on value of type null in C:\Users\asus\Downloads\CODE\FR_one-time.php on line 656
[03-Nov-2025 01:32:33 Europe/Berlin] PHP Deprecated:  htmlspecialchars(): Passing null to parameter #1 ($string) of type string is deprecated in C:\Users\asus\Downloads\CODE\FR_one-time.php on line 656
[03-Nov-2025 01:32:33 Europe/Berlin] PHP Warning:  Undefined variable $bookings in C:\Users\asus\Downloads\CODE\FR_one-time.php on line 657
[03-Nov-2025 01:32:33 Europe/Berlin] PHP Warning:  Trying to access array offset on value of type null in C:\Users\asus\Downloads\CODE\FR_one-time.php on line 657
[03-Nov-2025 01:32:33 Europe/Berlin] PHP Deprecated:  htmlspecialchars(): Passing null to parameter #1 ($string) of type string is deprecated in C:\Users\asus\Downloads\CODE\FR_one-time.php on line 657
[03-Nov-2025 01:32:33 Europe/Berlin] PHP Warning:  Undefined variable $bookings in C:\Users\asus\Downloads\CODE\FR_one-time.php on line 654
[03-Nov-2025 01:32:33 Europe/Berlin] PHP Warning:  Trying to access array offset on value of type null in C:\Users\asus\Downloads\CODE\FR_one-time.php on line 654
[03-Nov-2025 01:32:33 Europe/Berlin] PHP Deprecated:  htmlspecialchars(): Passing null to parameter #1 ($string) of type string is deprecated in C:\Users\asus\Downloads\CODE\FR_one-time.php on line 654
[03-Nov-2025 01:32:33 Europe/Berlin] PHP Warning:  Undefined variable $bookings in C:\Users\asus\Downloads\CODE\FR_one-time.php on line 656
[03-Nov-2025 01:32:33 Europe/Berlin] PHP Warning:  Trying to access array offset on value of type null in C:\Users\asus\Downloads\CODE\FR_one-time.php on line 656
[03-Nov-2025 01:32:33 Europe/Berlin] PHP Deprecated:  htmlspecialchars(): Passing null to parameter #1 ($string) of type string is deprecated in C:\Users\asus\Downloads\CODE\FR_one-time.php on line 656
[03-Nov-2025 01:32:33 Europe/Berlin] PHP Warning:  Undefined variable $bookings in C:\Users\asus\Downloads\CODE\FR_one-time.php on line 657
[03-Nov-2025 01:32:33 Europe/Berlin] PHP Warning:  Trying to access array offset on value of type null in C:\Users\asus\Downloads\CODE\FR_one-time.php on line 657
[03-Nov-2025 01:32:33 Europe/Berlin] PHP Deprecated:  htmlspecialchars(): Passing null to parameter #1 ($string) of type string is deprecated in C:\Users\asus\Downloads\CODE\FR_one-time.php on line 657
[03-Nov-2025 01:32:33 Europe/Berlin] PHP Warning:  Undefined variable $bookings in C:\Users\asus\Downloads\CODE\FR_one-time.php on line 654
[03-Nov-2025 01:32:33 Europe/Berlin] PHP Warning:  Trying to access array offset on value of type null in C:\Users\asus\Downloads\CODE\FR_one-time.php on line 654
[03-Nov-2025 01:32:33 Europe/Berlin] PHP Deprecated:  htmlspecialchars(): Passing null to parameter #1 ($string) of type string is deprecated in C:\Users\asus\Downloads\CODE\FR_one-time.php on line 654
[03-Nov-2025 01:32:33 Europe/Berlin] PHP Warning:  Undefined variable $bookings in C:\Users\asus\Downloads\CODE\FR_one-time.php on line 656
[03-Nov-2025 01:32:33 Europe/Berlin] PHP Warning:  Trying to access array offset on value of type null in C:\Users\asus\Downloads\CODE\FR_one-time.php on line 656
[03-Nov-2025 01:32:33 Europe/Berlin] PHP Deprecated:  htmlspecialchars(): Passing null to parameter #1 ($string) of type string is deprecated in C:\Users\asus\Downloads\CODE\FR_one-time.php on line 656
[03-Nov-2025 01:32:33 Europe/Berlin] PHP Warning:  Undefined variable $bookings in C:\Users\asus\Downloads\CODE\FR_one-time.php on line 657
[03-Nov-2025 01:32:33 Europe/Berlin] PHP Warning:  Trying to access array offset on value of type null in C:\Users\asus\Downloads\CODE\FR_one-time.php on line 657
[03-Nov-2025 01:32:33 Europe/Berlin] PHP Deprecated:  htmlspecialchars(): Passing null to parameter #1 ($string) of type string is deprecated in C:\Users\asus\Downloads\CODE\FR_one-time.php on line 657
[03-Nov-2025 01:32:33 Europe/Berlin] PHP Warning:  Undefined variable $bookings in C:\Users\asus\Downloads\CODE\FR_one-time.php on line 654
[03-Nov-2025 01:32:33 Europe/Berlin] PHP Warning:  Trying to access array offset on value of type null in C:\Users\asus\Downloads\CODE\FR_one-time.php on line 654
[03-Nov-2025 01:32:33 Europe/Berlin] PHP Deprecated:  htmlspecialchars(): Passing null to parameter #1 ($string) of type string is deprecated in C:\Users\asus\Downloads\CODE\FR_one-time.php on line 654
[03-Nov-2025 01:32:33 Europe/Berlin] PHP Warning:  Undefined variable $bookings in C:\Users\asus\Downloads\CODE\FR_one-time.php on line 656
[03-Nov-2025 01:32:33 Europe/Berlin] PHP Warning:  Trying to access array offset on value of type null in C:\Users\asus\Downloads\CODE\FR_one-time.php on line 656
[03-Nov-2025 01:32:33 Europe/Berlin] PHP Deprecated:  htmlspecialchars(): Passing null to parameter #1 ($string) of type string is deprecated in C:\Users\asus\Downloads\CODE\FR_one-time.php on line 656
[03-Nov-2025 01:32:33 Europe/Berlin] PHP Warning:  Undefined variable $bookings in C:\Users\asus\Downloads\CODE\FR_one-time.php on line 657
[03-Nov-2025 01:32:33 Europe/Berlin] PHP Warning:  Trying to access array offset on value of type null in C:\Users\asus\Downloads\CODE\FR_one-time.php on line 657
[03-Nov-2025 01:32:33 Europe/Berlin] PHP Deprecated:  htmlspecialchars(): Passing null to parameter #1 ($string) of type string is deprecated in C:\Users\asus\Downloads\CODE\FR_one-time.php on line 657
[03-Nov-2025 01:32:33 Europe/Berlin] PHP Warning:  Undefined variable $bookings in C:\Users\asus\Downloads\CODE\FR_one-time.php on line 654
[03-Nov-2025 01:32:33 Europe/Berlin] PHP Warning:  Trying to access array offset on value of type null in C:\Users\asus\Downloads\CODE\FR_one-time.php on line 654
[03-Nov-2025 01:32:33 Europe/Berlin] PHP Deprecated:  htmlspecialchars(): Passing null to parameter #1 ($string) of type string is deprecated in C:\Users\asus\Downloads\CODE\FR_one-time.php on line 654
[03-Nov-2025 01:32:33 Europe/Berlin] PHP Warning:  Undefined variable $bookings in C:\Users\asus\Downloads\CODE\FR_one-time.php on line 656
[03-Nov-2025 01:32:33 Europe/Berlin] PHP Warning:  Trying to access array offset on value of type null in C:\Users\asus\Downloads\CODE\FR_one-time.php on line 656
[03-Nov-2025 01:32:33 Europe/Berlin] PHP Deprecated:  htmlspecialchars(): Passing null to parameter #1 ($string) of type string is deprecated in C:\Users\asus\Downloads\CODE\FR_one-time.php on line 656
[03-Nov-2025 01:32:33 Europe/Berlin] PHP Warning:  Undefined variable $bookings in C:\Users\asus\Downloads\CODE\FR_one-time.php on line 657
[03-Nov-2025 01:32:33 Europe/Berlin] PHP Warning:  Trying to access array offset on value of type null in C:\Users\asus\Downloads\CODE\FR_one-time.php on line 657
[03-Nov-2025 01:32:33 Europe/Berlin] PHP Deprecated:  htmlspecialchars(): Passing null to parameter #1 ($string) of type string is deprecated in C:\Users\asus\Downloads\CODE\FR_one-time.php on line 657
[03-Nov-2025 01:32:33 Europe/Berlin] PHP Warning:  Undefined variable $bookings in C:\Users\asus\Downloads\CODE\FR_one-time.php on line 654
[03-Nov-2025 01:32:33 Europe/Berlin] PHP Warning:  Trying to access array offset on value of type null in C:\Users\asus\Downloads\CODE\FR_one-time.php on line 654
[03-Nov-2025 01:32:33 Europe/Berlin] PHP Deprecated:  htmlspecialchars(): Passing null to parameter #1 ($string) of type string is deprecated in C:\Users\asus\Downloads\CODE\FR_one-time.php on line 654
[03-Nov-2025 01:32:33 Europe/Berlin] PHP Warning:  Undefined variable $bookings in C:\Users\asus\Downloads\CODE\FR_one-time.php on line 656
[03-Nov-2025 01:32:33 Europe/Berlin] PHP Warning:  Trying to access array offset on value of type null in C:\Users\asus\Downloads\CODE\FR_one-time.php on line 656
[03-Nov-2025 01:32:33 Europe/Berlin] PHP Deprecated:  htmlspecialchars(): Passing null to parameter #1 ($string) of type string is deprecated in C:\Users\asus\Downloads\CODE\FR_one-time.php on line 656
[03-Nov-2025 01:32:33 Europe/Berlin] PHP Warning:  Undefined variable $bookings in C:\Users\asus\Downloads\CODE\FR_one-time.php on line 657
[03-Nov-2025 01:32:33 Europe/Berlin] PHP Warning:  Trying to access array offset on value of type null in C:\Users\asus\Downloads\CODE\FR_one-time.php on line 657
[03-Nov-2025 01:32:33 Europe/Berlin] PHP Deprecated:  htmlspecialchars(): Passing null to parameter #1 ($string) of type string is deprecated in C:\Users\asus\Downloads\CODE\FR_one-time.php on line 657
[03-Nov-2025 01:32:56 Europe/Berlin] PHP Warning:  Undefined variable $bookings in C:\Users\asus\Downloads\CODE\FR_one-time.php on line 654
[03-Nov-2025 01:32:56 Europe/Berlin] PHP Warning:  Trying to access array offset on value of type null in C:\Users\asus\Downloads\CODE\FR_one-time.php on line 654
[03-Nov-2025 01:32:56 Europe/Berlin] PHP Deprecated:  htmlspecialchars(): Passing null to parameter #1 ($string) of type string is deprecated in C:\Users\asus\Downloads\CODE\FR_one-time.php on line 654
[03-Nov-2025 01:32:56 Europe/Berlin] PHP Warning:  Undefined variable $bookings in C:\Users\asus\Downloads\CODE\FR_one-time.php on line 654
[03-Nov-2025 01:32:56 Europe/Berlin] PHP Warning:  Trying to access array offset on value of type null in C:\Users\asus\Downloads\CODE\FR_one-time.php on line 654
[03-Nov-2025 01:32:56 Europe/Berlin] PHP Deprecated:  htmlspecialchars(): Passing null to parameter #1 ($string) of type string is deprecated in C:\Users\asus\Downloads\CODE\FR_one-time.php on line 654
[03-Nov-2025 01:32:56 Europe/Berlin] PHP Warning:  Undefined variable $bookings in C:\Users\asus\Downloads\CODE\FR_one-time.php on line 654
[03-Nov-2025 01:32:56 Europe/Berlin] PHP Warning:  Trying to access array offset on value of type null in C:\Users\asus\Downloads\CODE\FR_one-time.php on line 654
[03-Nov-2025 01:32:56 Europe/Berlin] PHP Deprecated:  htmlspecialchars(): Passing null to parameter #1 ($string) of type string is deprecated in C:\Users\asus\Downloads\CODE\FR_one-time.php on line 654
[03-Nov-2025 01:32:56 Europe/Berlin] PHP Warning:  Undefined variable $bookings in C:\Users\asus\Downloads\CODE\FR_one-time.php on line 654
[03-Nov-2025 01:32:56 Europe/Berlin] PHP Warning:  Trying to access array offset on value of type null in C:\Users\asus\Downloads\CODE\FR_one-time.php on line 654
[03-Nov-2025 01:32:56 Europe/Berlin] PHP Deprecated:  htmlspecialchars(): Passing null to parameter #1 ($string) of type string is deprecated in C:\Users\asus\Downloads\CODE\FR_one-time.php on line 654
[03-Nov-2025 01:32:56 Europe/Berlin] PHP Warning:  Undefined variable $bookings in C:\Users\asus\Downloads\CODE\FR_one-time.php on line 654
[03-Nov-2025 01:32:56 Europe/Berlin] PHP Warning:  Trying to access array offset on value of type null in C:\Users\asus\Downloads\CODE\FR_one-time.php on line 654
[03-Nov-2025 01:32:56 Europe/Berlin] PHP Deprecated:  htmlspecialchars(): Passing null to parameter #1 ($string) of type string is deprecated in C:\Users\asus\Downloads\CODE\FR_one-time.php on line 654
[03-Nov-2025 01:32:56 Europe/Berlin] PHP Warning:  Undefined variable $bookings in C:\Users\asus\Downloads\CODE\FR_one-time.php on line 654
[03-Nov-2025 01:32:56 Europe/Berlin] PHP Warning:  Trying to access array offset on value of type null in C:\Users\asus\Downloads\CODE\FR_one-time.php on line 654
[03-Nov-2025 01:32:56 Europe/Berlin] PHP Deprecated:  htmlspecialchars(): Passing null to parameter #1 ($string) of type string is deprecated in C:\Users\asus\Downloads\CODE\FR_one-time.php on line 654
[03-Nov-2025 01:32:56 Europe/Berlin] PHP Warning:  Undefined variable $bookings in C:\Users\asus\Downloads\CODE\FR_one-time.php on line 654
[03-Nov-2025 01:32:56 Europe/Berlin] PHP Warning:  Trying to access array offset on value of type null in C:\Users\asus\Downloads\CODE\FR_one-time.php on line 654
[03-Nov-2025 01:32:56 Europe/Berlin] PHP Deprecated:  htmlspecialchars(): Passing null to parameter #1 ($string) of type string is deprecated in C:\Users\asus\Downloads\CODE\FR_one-time.php on line 654
[03-Nov-2025 01:32:56 Europe/Berlin] PHP Warning:  Undefined variable $bookings in C:\Users\asus\Downloads\CODE\FR_one-time.php on line 654
[03-Nov-2025 01:32:56 Europe/Berlin] PHP Warning:  Trying to access array offset on value of type null in C:\Users\asus\Downloads\CODE\FR_one-time.php on line 654
[03-Nov-2025 01:32:56 Europe/Berlin] PHP Deprecated:  htmlspecialchars(): Passing null to parameter #1 ($string) of type string is deprecated in C:\Users\asus\Downloads\CODE\FR_one-time.php on line 654
[03-Nov-2025 01:32:56 Europe/Berlin] PHP Warning:  Undefined variable $bookings in C:\Users\asus\Downloads\CODE\FR_one-time.php on line 654
[03-Nov-2025 01:32:56 Europe/Berlin] PHP Warning:  Trying to access array offset on value of type null in C:\Users\asus\Downloads\CODE\FR_one-time.php on line 654
[03-Nov-2025 01:32:56 Europe/Berlin] PHP Deprecated:  htmlspecialchars(): Passing null to parameter #1 ($string) of type string is deprecated in C:\Users\asus\Downloads\CODE\FR_one-time.php on line 654
[03-Nov-2025 01:32:56 Europe/Berlin] PHP Warning:  Undefined variable $bookings in C:\Users\asus\Downloads\CODE\FR_one-time.php on line 654
[03-Nov-2025 01:32:56 Europe/Berlin] PHP Warning:  Trying to access array offset on value of type null in C:\Users\asus\Downloads\CODE\FR_one-time.php on line 654
[03-Nov-2025 01:32:56 Europe/Berlin] PHP Deprecated:  htmlspecialchars(): Passing null to parameter #1 ($string) of type string is deprecated in C:\Users\asus\Downloads\CODE\FR_one-time.php on line 654
[03-Nov-2025 01:32:56 Europe/Berlin] PHP Warning:  Undefined variable $bookings in C:\Users\asus\Downloads\CODE\FR_one-time.php on line 654
[03-Nov-2025 01:32:56 Europe/Berlin] PHP Warning:  Trying to access array offset on value of type null in C:\Users\asus\Downloads\CODE\FR_one-time.php on line 654
[03-Nov-2025 01:32:56 Europe/Berlin] PHP Deprecated:  htmlspecialchars(): Passing null to parameter #1 ($string) of type string is deprecated in C:\Users\asus\Downloads\CODE\FR_one-time.php on line 654
[03-Nov-2025 01:32:56 Europe/Berlin] PHP Warning:  Undefined variable $bookings in C:\Users\asus\Downloads\CODE\FR_one-time.php on line 654
[03-Nov-2025 01:32:56 Europe/Berlin] PHP Warning:  Trying to access array offset on value of type null in C:\Users\asus\Downloads\CODE\FR_one-time.php on line 654
[03-Nov-2025 01:32:56 Europe/Berlin] PHP Deprecated:  htmlspecialchars(): Passing null to parameter #1 ($string) of type string is deprecated in C:\Users\asus\Downloads\CODE\FR_one-time.php on line 654
[03-Nov-2025 01:32:56 Europe/Berlin] PHP Warning:  Undefined variable $bookings in C:\Users\asus\Downloads\CODE\FR_one-time.php on line 654
[03-Nov-2025 01:32:56 Europe/Berlin] PHP Warning:  Trying to access array offset on value of type null in C:\Users\asus\Downloads\CODE\FR_one-time.php on line 654
[03-Nov-2025 01:32:56 Europe/Berlin] PHP Deprecated:  htmlspecialchars(): Passing null to parameter #1 ($string) of type string is deprecated in C:\Users\asus\Downloads\CODE\FR_one-time.php on line 654
[04-Nov-2025 04:56:50 Europe/Berlin] PHP Warning:  Undefined variable $row in C:\Users\asus\Downloads\CODE\FR_one-time.php on line 279
[04-Nov-2025 04:56:50 Europe/Berlin] PHP Warning:  Trying to access array offset on value of type null in C:\Users\asus\Downloads\CODE\FR_one-time.php on line 279
[04-Nov-2025 04:56:50 Europe/Berlin] PHP Deprecated:  str_pad(): Passing null to parameter #1 ($string) of type string is deprecated in C:\Users\asus\Downloads\CODE\FR_one-time.php on line 279
[04-Nov-2025 04:57:48 Europe/Berlin] PHP Warning:  Undefined variable $row in C:\Users\asus\Downloads\CODE\FR_one-time.php on line 279
[04-Nov-2025 04:57:48 Europe/Berlin] PHP Warning:  Trying to access array offset on value of type null in C:\Users\asus\Downloads\CODE\FR_one-time.php on line 279
[04-Nov-2025 04:57:48 Europe/Berlin] PHP Deprecated:  str_pad(): Passing null to parameter #1 ($string) of type string is deprecated in C:\Users\asus\Downloads\CODE\FR_one-time.php on line 279
[04-Nov-2025 04:57:48 Europe/Berlin] PHP Deprecated:  htmlspecialchars(): Passing null to parameter #1 ($string) of type string is deprecated in C:\Users\asus\Downloads\CODE\FR_one-time.php on line 621
[04-Nov-2025 04:57:48 Europe/Berlin] PHP Deprecated:  htmlspecialchars(): Passing null to parameter #1 ($string) of type string is deprecated in C:\Users\asus\Downloads\CODE\FR_one-time.php on line 663
[04-Nov-2025 04:57:48 Europe/Berlin] PHP Deprecated:  htmlspecialchars(): Passing null to parameter #1 ($string) of type string is deprecated in C:\Users\asus\Downloads\CODE\FR_one-time.php on line 675
[04-Nov-2025 05:04:41 Europe/Berlin] PHP Warning:  Trying to access array offset on value of type null in C:\Users\asus\Downloads\CODE\FR_one-time.php on line 280
[04-Nov-2025 05:04:41 Europe/Berlin] PHP Deprecated:  str_pad(): Passing null to parameter #1 ($string) of type string is deprecated in C:\Users\asus\Downloads\CODE\FR_one-time.php on line 280
[04-Nov-2025 05:04:41 Europe/Berlin] PHP Fatal error:  Uncaught Error: Call to undefined function generateRefNo() in C:\Users\asus\Downloads\CODE\FR_one-time.php:582
Stack trace:
#0 C:\Users\asus\Downloads\CODE\FR_one-time.php(749): renderBookingCard(Array)
#1 {main}
  thrown in C:\Users\asus\Downloads\CODE\FR_one-time.php on line 582
[09-Nov-2025 03:16:55 Europe/Berlin] PHP Warning:  Undefined variable $booking in C:\Users\asus\Downloads\CODE\FR_one-time.php on line 1700
[09-Nov-2025 03:16:55 Europe/Berlin] PHP Warning:  Trying to access array offset on value of type null in C:\Users\asus\Downloads\CODE\FR_one-time.php on line 1700
[09-Nov-2025 20:21:32 Europe/Berlin] PHP Warning:  Undefined variable $booking in C:\Users\asus\Downloads\CODE\FR_one-time.php on line 1700
[09-Nov-2025 20:21:32 Europe/Berlin] PHP Warning:  Trying to access array offset on value of type null in C:\Users\asus\Downloads\CODE\FR_one-time.php on line 1700
[09-Nov-2025 20:38:53 Europe/Berlin] PHP Warning:  Undefined variable $booking in C:\Users\asus\Downloads\CODE\FR_one-time.php on line 1700
[09-Nov-2025 20:38:53 Europe/Berlin] PHP Warning:  Trying to access array offset on value of type null in C:\Users\asus\Downloads\CODE\FR_one-time.php on line 1700
[11-Nov-2025 04:03:07 Europe/Berlin] PHP Warning:  Undefined variable $booking in C:\Users\asus\Downloads\CODE\FR_one-time.php on line 1700
[11-Nov-2025 04:03:07 Europe/Berlin] PHP Warning:  Trying to access array offset on value of type null in C:\Users\asus\Downloads\CODE\FR_one-time.php on line 1700
[11-Nov-2025 04:03:50 Europe/Berlin] PHP Warning:  Undefined variable $booking in C:\Users\asus\Downloads\CODE\FR_one-time.php on line 1700
[11-Nov-2025 04:03:50 Europe/Berlin] PHP Warning:  Trying to access array offset on value of type null in C:\Users\asus\Downloads\CODE\FR_one-time.php on line 1700
[11-Nov-2025 04:07:35 Europe/Berlin] PHP Warning:  Undefined variable $booking in C:\Users\asus\Downloads\CODE\FR_one-time.php on line 1700
[11-Nov-2025 04:07:35 Europe/Berlin] PHP Warning:  Trying to access array offset on value of type null in C:\Users\asus\Downloads\CODE\FR_one-time.php on line 1700
[13-Nov-2025 06:55:55 Europe/Berlin] PHP Warning:  Undefined variable $booking in C:\Users\asus\Downloads\CODE\FR_one-time.php on line 1700
[13-Nov-2025 06:55:55 Europe/Berlin] PHP Warning:  Trying to access array offset on value of type null in C:\Users\asus\Downloads\CODE\FR_one-time.php on line 1700
[13-Nov-2025 06:56:10 Europe/Berlin] PHP Warning:  Undefined variable $booking in C:\Users\asus\Downloads\CODE\FR_one-time.php on line 1700
[13-Nov-2025 06:56:10 Europe/Berlin] PHP Warning:  Trying to access array offset on value of type null in C:\Users\asus\Downloads\CODE\FR_one-time.php on line 1700
[13-Nov-2025 09:44:35 Europe/Berlin] PHP Warning:  Undefined variable $booking in C:\Users\asus\Downloads\CODE\FR_one-time.php on line 1700
[13-Nov-2025 09:44:35 Europe/Berlin] PHP Warning:  Trying to access array offset on value of type null in C:\Users\asus\Downloads\CODE\FR_one-time.php on line 1700
[13-Nov-2025 09:45:07 Europe/Berlin] PHP Warning:  Undefined variable $booking in C:\Users\asus\Downloads\CODE\FR_one-time.php on line 1700
[13-Nov-2025 09:45:07 Europe/Berlin] PHP Warning:  Trying to access array offset on value of type null in C:\Users\asus\Downloads\CODE\FR_one-time.php on line 1700
[13-Nov-2025 13:43:48 Europe/Berlin] PHP Warning:  Undefined variable $booking in C:\Users\asus\Downloads\CODE\FR_one-time.php on line 1700
[13-Nov-2025 13:43:48 Europe/Berlin] PHP Warning:  Trying to access array offset on value of type null in C:\Users\asus\Downloads\CODE\FR_one-time.php on line 1700
[13-Nov-2025 13:44:39 Europe/Berlin] PHP Warning:  Undefined variable $booking in C:\Users\asus\Downloads\CODE\FR_one-time.php on line 1700
[13-Nov-2025 13:44:39 Europe/Berlin] PHP Warning:  Trying to access array offset on value of type null in C:\Users\asus\Downloads\CODE\FR_one-time.php on line 1700
[13-Nov-2025 13:52:26 Europe/Berlin] PHP Warning:  Undefined variable $booking in C:\Users\asus\Downloads\CODE\FR_one-time.php on line 1700
[13-Nov-2025 13:52:26 Europe/Berlin] PHP Warning:  Trying to access array offset on value of type null in C:\Users\asus\Downloads\CODE\FR_one-time.php on line 1700
[13-Nov-2025 14:29:46 Europe/Berlin] PHP Warning:  Undefined variable $booking in C:\Users\asus\Downloads\CODE\FR_one-time.php on line 1700
[13-Nov-2025 14:29:46 Europe/Berlin] PHP Warning:  Trying to access array offset on value of type null in C:\Users\asus\Downloads\CODE\FR_one-time.php on line 1700
[13-Nov-2025 14:35:15 Europe/Berlin] PHP Warning:  Undefined variable $booking in C:\Users\asus\Downloads\CODE\FR_one-time.php on line 1700
[13-Nov-2025 14:35:15 Europe/Berlin] PHP Warning:  Trying to access array offset on value of type null in C:\Users\asus\Downloads\CODE\FR_one-time.php on line 1700
[13-Nov-2025 15:41:19 Europe/Berlin] PHP Warning:  Undefined variable $booking in C:\Users\asus\Downloads\CODE\FR_one-time.php on line 1700
[13-Nov-2025 15:41:19 Europe/Berlin] PHP Warning:  Trying to access array offset on value of type null in C:\Users\asus\Downloads\CODE\FR_one-time.php on line 1700
[13-Nov-2025 15:41:30 Europe/Berlin] PHP Warning:  Undefined variable $booking in C:\Users\asus\Downloads\CODE\FR_one-time.php on line 1700
[13-Nov-2025 15:41:30 Europe/Berlin] PHP Warning:  Trying to access array offset on value of type null in C:\Users\asus\Downloads\CODE\FR_one-time.php on line 1700
[13-Nov-2025 20:22:45 Europe/Berlin] PHP Warning:  Undefined variable $booking in C:\Users\asus\Downloads\CODE\FR_one-time.php on line 1787
[13-Nov-2025 20:22:45 Europe/Berlin] PHP Warning:  Trying to access array offset on value of type null in C:\Users\asus\Downloads\CODE\FR_one-time.php on line 1787
